<?xml version="1.0" encoding="UTF-8"?>
<!-- Generated by org.testng.reporters.JUnitReportReporter -->
<testsuite hostname="MicroWin10-1609" name="com.testcase.xzbjcase" tests="1" failures="0" timestamp="5 Mar 2019 07:59:44 GMT" time="26.373" errors="0">
  <testcase name="utils" time="26.373" classname="com.testcase.xzbjcase"/>
</testsuite> <!-- com.testcase.xzbjcase -->
